2025-06-11 00:09:55,798 - root - INFO - Generating embeddings for data/unified_text/ICLR/ICLR_2024.json
2025-06-11 00:09:56,072 - src.data_processing.generate_embeddings - INFO - Embedding started
2025-06-11 00:09:56,072 - src.data_processing.generate_embeddings - INFO - Model: text-embedding-004
2025-06-11 00:09:56,072 - src.data_processing.generate_embeddings - INFO - Input file: data/unified_text/ICLR/ICLR_2024.json
2025-06-11 00:09:56,072 - src.data_processing.generate_embeddings - INFO - Encoding entry: gFR4QwK53h
2025-06-11 00:09:56,406 - httpx - INFO - HTTP Request: POST https://generativelanguage.googleapis.com/v1beta/models/text-embedding-004:batchEmbedContents "HTTP/1.1 200 OK"
2025-06-11 00:09:56,408 - src.data_processing.encoder - INFO - finished embedding chunks
2025-06-11 00:09:56,408 - src.data_processing.encoder - INFO - reconstructed
2025-06-11 00:09:56,408 - src.data_processing.generate_embeddings - INFO - [OK] gFR4QwK53h
2025-06-11 00:09:56,408 - src.data_processing.generate_embeddings - INFO - Encoding entry: agPpmEgf8C
2025-06-11 00:09:56,595 - httpx - INFO - HTTP Request: POST https://generativelanguage.googleapis.com/v1beta/models/text-embedding-004:batchEmbedContents "HTTP/1.1 200 OK"
2025-06-11 00:09:56,596 - src.data_processing.encoder - INFO - finished embedding chunks
2025-06-11 00:09:56,596 - src.data_processing.encoder - INFO - reconstructed
2025-06-11 00:09:56,596 - src.data_processing.generate_embeddings - INFO - [OK] agPpmEgf8C
2025-06-11 00:09:56,596 - src.data_processing.generate_embeddings - INFO - Encoding entry: 6PmJoRfdaK
2025-06-11 00:09:56,785 - httpx - INFO - HTTP Request: POST https://generativelanguage.googleapis.com/v1beta/models/text-embedding-004:batchEmbedContents "HTTP/1.1 200 OK"
2025-06-11 00:09:56,786 - src.data_processing.encoder - INFO - finished embedding chunks
2025-06-11 00:09:56,786 - src.data_processing.encoder - INFO - reconstructed
2025-06-11 00:09:56,786 - src.data_processing.generate_embeddings - INFO - [OK] 6PmJoRfdaK
2025-06-11 00:09:56,786 - src.data_processing.generate_embeddings - INFO - Encoding entry: 9JQtrumvg8
2025-06-11 00:09:56,966 - httpx - INFO - HTTP Request: POST https://generativelanguage.googleapis.com/v1beta/models/text-embedding-004:batchEmbedContents "HTTP/1.1 200 OK"
2025-06-11 00:09:56,968 - src.data_processing.encoder - INFO - finished embedding chunks
2025-06-11 00:09:56,968 - src.data_processing.encoder - INFO - reconstructed
2025-06-11 00:09:56,968 - src.data_processing.generate_embeddings - INFO - [OK] 9JQtrumvg8
2025-06-11 00:09:56,968 - src.data_processing.generate_embeddings - INFO - Encoding entry: VtmBAGCN7o
2025-06-11 00:09:57,152 - httpx - INFO - HTTP Request: POST https://generativelanguage.googleapis.com/v1beta/models/text-embedding-004:batchEmbedContents "HTTP/1.1 200 OK"
2025-06-11 00:09:57,153 - src.data_processing.encoder - INFO - finished embedding chunks
2025-06-11 00:09:57,153 - src.data_processing.encoder - INFO - reconstructed
2025-06-11 00:09:57,153 - src.data_processing.generate_embeddings - INFO - [OK] VtmBAGCN7o
2025-06-11 00:09:57,153 - src.data_processing.generate_embeddings - INFO - Encoding entry: 2dnO3LLiJ1
2025-06-11 00:09:57,337 - httpx - INFO - HTTP Request: POST https://generativelanguage.googleapis.com/v1beta/models/text-embedding-004:batchEmbedContents "HTTP/1.1 200 OK"
2025-06-11 00:09:57,338 - src.data_processing.encoder - INFO - finished embedding chunks
2025-06-11 00:09:57,338 - src.data_processing.encoder - INFO - reconstructed
2025-06-11 00:09:57,338 - src.data_processing.generate_embeddings - INFO - [OK] 2dnO3LLiJ1
2025-06-11 00:09:57,339 - src.data_processing.generate_embeddings - INFO - Encoding entry: WNkW0cOwiz
2025-06-11 00:09:57,512 - httpx - INFO - HTTP Request: POST https://generativelanguage.googleapis.com/v1beta/models/text-embedding-004:batchEmbedContents "HTTP/1.1 200 OK"
2025-06-11 00:09:57,514 - src.data_processing.encoder - INFO - finished embedding chunks
2025-06-11 00:09:57,514 - src.data_processing.encoder - INFO - reconstructed
2025-06-11 00:09:57,514 - src.data_processing.generate_embeddings - INFO - [OK] WNkW0cOwiz
2025-06-11 00:09:57,514 - src.data_processing.generate_embeddings - INFO - Encoding entry: HSKaGOi7Ar
2025-06-11 00:09:57,670 - httpx - INFO - HTTP Request: POST https://generativelanguage.googleapis.com/v1beta/models/text-embedding-004:batchEmbedContents "HTTP/1.1 200 OK"
2025-06-11 00:09:57,671 - src.data_processing.encoder - INFO - finished embedding chunks
2025-06-11 00:09:57,672 - src.data_processing.encoder - INFO - reconstructed
2025-06-11 00:09:57,672 - src.data_processing.generate_embeddings - INFO - [OK] HSKaGOi7Ar
2025-06-11 00:09:57,672 - src.data_processing.generate_embeddings - INFO - Encoding entry: LzPWWPAdY4
2025-06-11 00:09:57,832 - httpx - INFO - HTTP Request: POST https://generativelanguage.googleapis.com/v1beta/models/text-embedding-004:batchEmbedContents "HTTP/1.1 200 OK"
2025-06-11 00:09:57,834 - src.data_processing.encoder - INFO - finished embedding chunks
2025-06-11 00:09:57,834 - src.data_processing.encoder - INFO - reconstructed
2025-06-11 00:09:57,834 - src.data_processing.generate_embeddings - INFO - [OK] LzPWWPAdY4
2025-06-11 00:09:57,835 - src.data_processing.generate_embeddings - INFO - Encoding entry: NSVtmmzeRB
2025-06-11 00:09:57,990 - httpx - INFO - HTTP Request: POST https://generativelanguage.googleapis.com/v1beta/models/text-embedding-004:batchEmbedContents "HTTP/1.1 200 OK"
2025-06-11 00:09:57,992 - src.data_processing.encoder - INFO - finished embedding chunks
2025-06-11 00:09:57,992 - src.data_processing.encoder - INFO - reconstructed
2025-06-11 00:09:57,992 - src.data_processing.generate_embeddings - INFO - [OK] NSVtmmzeRB
2025-06-11 00:09:57,992 - src.data_processing.generate_embeddings - INFO - Encoding entry: L0r0GphlIL
2025-06-11 00:09:58,166 - httpx - INFO - HTTP Request: POST https://generativelanguage.googleapis.com/v1beta/models/text-embedding-004:batchEmbedContents "HTTP/1.1 200 OK"
2025-06-11 00:09:58,167 - src.data_processing.encoder - INFO - finished embedding chunks
2025-06-11 00:09:58,168 - src.data_processing.encoder - INFO - reconstructed
2025-06-11 00:09:58,168 - src.data_processing.generate_embeddings - INFO - [OK] L0r0GphlIL
2025-06-11 00:09:58,168 - src.data_processing.generate_embeddings - INFO - Encoding entry: AhizIPytk4
2025-06-11 00:09:58,346 - httpx - INFO - HTTP Request: POST https://generativelanguage.googleapis.com/v1beta/models/text-embedding-004:batchEmbedContents "HTTP/1.1 200 OK"
2025-06-11 00:09:58,348 - src.data_processing.encoder - INFO - finished embedding chunks
2025-06-11 00:09:58,348 - src.data_processing.encoder - INFO - reconstructed
2025-06-11 00:09:58,348 - src.data_processing.generate_embeddings - INFO - [OK] AhizIPytk4
2025-06-11 00:09:58,348 - src.data_processing.generate_embeddings - INFO - Encoding entry: VTF8yNQM66
2025-06-11 00:09:58,532 - httpx - INFO - HTTP Request: POST https://generativelanguage.googleapis.com/v1beta/models/text-embedding-004:batchEmbedContents "HTTP/1.1 200 OK"
2025-06-11 00:09:58,533 - src.data_processing.encoder - INFO - finished embedding chunks
2025-06-11 00:09:58,534 - src.data_processing.encoder - INFO - reconstructed
2025-06-11 00:09:58,534 - src.data_processing.generate_embeddings - INFO - [OK] VTF8yNQM66
2025-06-11 00:09:58,534 - src.data_processing.generate_embeddings - INFO - Encoding entry: dLrhRIMVmB
2025-06-11 00:09:58,716 - httpx - INFO - HTTP Request: POST https://generativelanguage.googleapis.com/v1beta/models/text-embedding-004:batchEmbedContents "HTTP/1.1 200 OK"
2025-06-11 00:09:58,716 - src.data_processing.encoder - INFO - finished embedding chunks
2025-06-11 00:09:58,717 - src.data_processing.encoder - INFO - reconstructed
2025-06-11 00:09:58,717 - src.data_processing.generate_embeddings - INFO - [OK] dLrhRIMVmB
2025-06-11 00:09:58,717 - src.data_processing.generate_embeddings - INFO - Encoding entry: LjivA1SLZ6
2025-06-11 00:09:58,902 - httpx - INFO - HTTP Request: POST https://generativelanguage.googleapis.com/v1beta/models/text-embedding-004:batchEmbedContents "HTTP/1.1 200 OK"
2025-06-11 00:09:58,903 - src.data_processing.encoder - INFO - finished embedding chunks
2025-06-11 00:09:58,903 - src.data_processing.encoder - INFO - reconstructed
2025-06-11 00:09:58,903 - src.data_processing.generate_embeddings - INFO - [OK] LjivA1SLZ6
2025-06-11 00:09:58,903 - src.data_processing.generate_embeddings - INFO - Encoding entry: Ouj6p4ca60
2025-06-11 00:09:59,077 - httpx - INFO - HTTP Request: POST https://generativelanguage.googleapis.com/v1beta/models/text-embedding-004:batchEmbedContents "HTTP/1.1 200 OK"
2025-06-11 00:09:59,078 - src.data_processing.encoder - INFO - finished embedding chunks
2025-06-11 00:09:59,079 - src.data_processing.encoder - INFO - reconstructed
2025-06-11 00:09:59,079 - src.data_processing.generate_embeddings - INFO - [OK] Ouj6p4ca60
2025-06-11 00:09:59,079 - src.data_processing.generate_embeddings - INFO - Encoding entry: ANvmVS2Yr0
2025-06-11 00:09:59,236 - httpx - INFO - HTTP Request: POST https://generativelanguage.googleapis.com/v1beta/models/text-embedding-004:batchEmbedContents "HTTP/1.1 200 OK"
2025-06-11 00:09:59,237 - src.data_processing.encoder - INFO - finished embedding chunks
2025-06-11 00:09:59,237 - src.data_processing.encoder - INFO - reconstructed
2025-06-11 00:09:59,237 - src.data_processing.generate_embeddings - INFO - [OK] ANvmVS2Yr0
2025-06-11 00:09:59,237 - src.data_processing.generate_embeddings - INFO - Encoding entry: hTEGyKf0dZ
2025-06-11 00:09:59,423 - httpx - INFO - HTTP Request: POST https://generativelanguage.googleapis.com/v1beta/models/text-embedding-004:batchEmbedContents "HTTP/1.1 200 OK"
2025-06-11 00:09:59,424 - src.data_processing.encoder - INFO - finished embedding chunks
2025-06-11 00:09:59,424 - src.data_processing.encoder - INFO - reconstructed
2025-06-11 00:09:59,424 - src.data_processing.generate_embeddings - INFO - [OK] hTEGyKf0dZ
2025-06-11 00:09:59,424 - src.data_processing.generate_embeddings - INFO - Encoding entry: T7YV5UZKBc
2025-06-11 00:09:59,593 - httpx - INFO - HTTP Request: POST https://generativelanguage.googleapis.com/v1beta/models/text-embedding-004:batchEmbedContents "HTTP/1.1 200 OK"
2025-06-11 00:09:59,594 - src.data_processing.encoder - INFO - finished embedding chunks
2025-06-11 00:09:59,594 - src.data_processing.encoder - INFO - reconstructed
2025-06-11 00:09:59,594 - src.data_processing.generate_embeddings - INFO - [OK] T7YV5UZKBc
2025-06-11 00:09:59,595 - src.data_processing.generate_embeddings - INFO - Encoding entry: 5Ca9sSzuDp
2025-06-11 00:09:59,772 - httpx - INFO - HTTP Request: POST https://generativelanguage.googleapis.com/v1beta/models/text-embedding-004:batchEmbedContents "HTTP/1.1 200 OK"
2025-06-11 00:09:59,774 - src.data_processing.encoder - INFO - finished embedding chunks
2025-06-11 00:09:59,774 - src.data_processing.encoder - INFO - reconstructed
2025-06-11 00:09:59,774 - src.data_processing.generate_embeddings - INFO - [OK] 5Ca9sSzuDp
2025-06-11 00:09:59,774 - src.data_processing.generate_embeddings - INFO - Encoding entry: IGzaH538fz
2025-06-11 00:09:59,994 - httpx - INFO - HTTP Request: POST https://generativelanguage.googleapis.com/v1beta/models/text-embedding-004:batchEmbedContents "HTTP/1.1 200 OK"
2025-06-11 00:09:59,995 - src.data_processing.encoder - INFO - finished embedding chunks
2025-06-11 00:09:59,995 - src.data_processing.encoder - INFO - reconstructed
2025-06-11 00:09:59,996 - src.data_processing.generate_embeddings - INFO - [OK] IGzaH538fz
2025-06-11 00:09:59,996 - src.data_processing.generate_embeddings - INFO - Encoding entry: Fk5IzauJ7F
2025-06-11 00:10:00,349 - httpx - INFO - HTTP Request: POST https://generativelanguage.googleapis.com/v1beta/models/text-embedding-004:batchEmbedContents "HTTP/1.1 200 OK"
2025-06-11 00:10:00,351 - src.data_processing.encoder - INFO - finished embedding chunks
2025-06-11 00:10:00,351 - src.data_processing.encoder - INFO - reconstructed
2025-06-11 00:10:00,351 - src.data_processing.generate_embeddings - INFO - [OK] Fk5IzauJ7F
2025-06-11 00:10:00,351 - src.data_processing.generate_embeddings - INFO - Encoding entry: h922Qhkmx1
2025-06-11 00:10:00,546 - httpx - INFO - HTTP Request: POST https://generativelanguage.googleapis.com/v1beta/models/text-embedding-004:batchEmbedContents "HTTP/1.1 200 OK"
2025-06-11 00:10:00,547 - src.data_processing.encoder - INFO - finished embedding chunks
2025-06-11 00:10:00,548 - src.data_processing.encoder - INFO - reconstructed
2025-06-11 00:10:00,548 - src.data_processing.generate_embeddings - INFO - [OK] h922Qhkmx1
2025-06-11 00:10:00,548 - src.data_processing.generate_embeddings - INFO - Encoding entry: d8w0pmvXbZ
2025-06-11 00:10:00,717 - httpx - INFO - HTTP Request: POST https://generativelanguage.googleapis.com/v1beta/models/text-embedding-004:batchEmbedContents "HTTP/1.1 200 OK"
2025-06-11 00:10:00,718 - src.data_processing.encoder - INFO - finished embedding chunks
2025-06-11 00:10:00,718 - src.data_processing.encoder - INFO - reconstructed
2025-06-11 00:10:00,718 - src.data_processing.generate_embeddings - INFO - [OK] d8w0pmvXbZ
2025-06-11 00:10:00,718 - src.data_processing.generate_embeddings - INFO - Encoding entry: 9Cu8MRmhq2
2025-06-11 00:10:00,908 - httpx - INFO - HTTP Request: POST https://generativelanguage.googleapis.com/v1beta/models/text-embedding-004:batchEmbedContents "HTTP/1.1 200 OK"
2025-06-11 00:10:00,909 - src.data_processing.encoder - INFO - finished embedding chunks
2025-06-11 00:10:00,909 - src.data_processing.encoder - INFO - reconstructed
2025-06-11 00:10:00,909 - src.data_processing.generate_embeddings - INFO - [OK] 9Cu8MRmhq2
2025-06-11 00:10:00,909 - src.data_processing.generate_embeddings - INFO - Encoding entry: UyNXMqnN3c
2025-06-11 00:10:01,091 - httpx - INFO - HTTP Request: POST https://generativelanguage.googleapis.com/v1beta/models/text-embedding-004:batchEmbedContents "HTTP/1.1 200 OK"
2025-06-11 00:10:01,093 - src.data_processing.encoder - INFO - finished embedding chunks
2025-06-11 00:10:01,093 - src.data_processing.encoder - INFO - reconstructed
2025-06-11 00:10:01,093 - src.data_processing.generate_embeddings - INFO - [OK] UyNXMqnN3c
2025-06-11 00:10:01,093 - src.data_processing.generate_embeddings - INFO - Encoding entry: 0BqyZSWfzo
2025-06-11 00:10:01,285 - httpx - INFO - HTTP Request: POST https://generativelanguage.googleapis.com/v1beta/models/text-embedding-004:batchEmbedContents "HTTP/1.1 200 OK"
2025-06-11 00:10:01,286 - src.data_processing.encoder - INFO - finished embedding chunks
2025-06-11 00:10:01,287 - src.data_processing.encoder - INFO - reconstructed
2025-06-11 00:10:01,287 - src.data_processing.generate_embeddings - INFO - [OK] 0BqyZSWfzo
2025-06-11 00:10:01,287 - src.data_processing.generate_embeddings - INFO - Encoding entry: jKTUlxo5zy
2025-06-11 00:10:01,475 - httpx - INFO - HTTP Request: POST https://generativelanguage.googleapis.com/v1beta/models/text-embedding-004:batchEmbedContents "HTTP/1.1 200 OK"
2025-06-11 00:10:01,477 - src.data_processing.encoder - INFO - finished embedding chunks
2025-06-11 00:10:01,477 - src.data_processing.encoder - INFO - reconstructed
2025-06-11 00:10:01,477 - src.data_processing.generate_embeddings - INFO - [OK] jKTUlxo5zy
2025-06-11 00:10:01,477 - src.data_processing.generate_embeddings - INFO - Encoding entry: 1vDArHJ68h
2025-06-11 00:10:01,636 - httpx - INFO - HTTP Request: POST https://generativelanguage.googleapis.com/v1beta/models/text-embedding-004:batchEmbedContents "HTTP/1.1 200 OK"
2025-06-11 00:10:01,637 - src.data_processing.encoder - INFO - finished embedding chunks
2025-06-11 00:10:01,637 - src.data_processing.encoder - INFO - reconstructed
2025-06-11 00:10:01,637 - src.data_processing.generate_embeddings - INFO - [OK] 1vDArHJ68h
2025-06-11 00:10:01,637 - src.data_processing.generate_embeddings - INFO - Encoding entry: 1oijHJBRsT
2025-06-11 00:10:01,824 - httpx - INFO - HTTP Request: POST https://generativelanguage.googleapis.com/v1beta/models/text-embedding-004:batchEmbedContents "HTTP/1.1 200 OK"
2025-06-11 00:10:01,825 - src.data_processing.encoder - INFO - finished embedding chunks
2025-06-11 00:10:01,825 - src.data_processing.encoder - INFO - reconstructed
2025-06-11 00:10:01,826 - src.data_processing.generate_embeddings - INFO - [OK] 1oijHJBRsT
2025-06-11 00:10:01,826 - src.data_processing.generate_embeddings - INFO - Encoding entry: BV1PHbTJzd
2025-06-11 00:10:02,000 - httpx - INFO - HTTP Request: POST https://generativelanguage.googleapis.com/v1beta/models/text-embedding-004:batchEmbedContents "HTTP/1.1 200 OK"
2025-06-11 00:10:02,001 - src.data_processing.encoder - INFO - finished embedding chunks
2025-06-11 00:10:02,001 - src.data_processing.encoder - INFO - reconstructed
2025-06-11 00:10:02,001 - src.data_processing.generate_embeddings - INFO - [OK] BV1PHbTJzd
2025-06-11 00:10:02,001 - src.data_processing.generate_embeddings - INFO - Encoding entry: pOoKI3ouv1
2025-06-11 00:10:02,179 - httpx - INFO - HTTP Request: POST https://generativelanguage.googleapis.com/v1beta/models/text-embedding-004:batchEmbedContents "HTTP/1.1 200 OK"
2025-06-11 00:10:02,180 - src.data_processing.encoder - INFO - finished embedding chunks
2025-06-11 00:10:02,180 - src.data_processing.encoder - INFO - reconstructed
2025-06-11 00:10:02,180 - src.data_processing.generate_embeddings - INFO - [OK] pOoKI3ouv1
2025-06-11 00:10:02,180 - src.data_processing.generate_embeddings - INFO - Encoding entry: xuY33XhEGR
2025-06-11 00:10:02,452 - httpx - INFO - HTTP Request: POST https://generativelanguage.googleapis.com/v1beta/models/text-embedding-004:batchEmbedContents "HTTP/1.1 200 OK"
2025-06-11 00:10:02,453 - src.data_processing.encoder - INFO - finished embedding chunks
2025-06-11 00:10:02,453 - src.data_processing.encoder - INFO - reconstructed
2025-06-11 00:10:02,453 - src.data_processing.generate_embeddings - INFO - [OK] xuY33XhEGR
2025-06-11 00:10:02,453 - src.data_processing.generate_embeddings - INFO - Encoding entry: 7VPTUWkiDQ
2025-06-11 00:10:02,657 - httpx - INFO - HTTP Request: POST https://generativelanguage.googleapis.com/v1beta/models/text-embedding-004:batchEmbedContents "HTTP/1.1 200 OK"
2025-06-11 00:10:02,659 - src.data_processing.encoder - INFO - finished embedding chunks
2025-06-11 00:10:02,659 - src.data_processing.encoder - INFO - reconstructed
2025-06-11 00:10:02,659 - src.data_processing.generate_embeddings - INFO - [OK] 7VPTUWkiDQ
2025-06-11 00:10:02,659 - src.data_processing.generate_embeddings - INFO - Encoding entry: KUNzEQMWU7
2025-06-11 00:10:02,841 - httpx - INFO - HTTP Request: POST https://generativelanguage.googleapis.com/v1beta/models/text-embedding-004:batchEmbedContents "HTTP/1.1 200 OK"
2025-06-11 00:10:02,843 - src.data_processing.encoder - INFO - finished embedding chunks
2025-06-11 00:10:02,843 - src.data_processing.encoder - INFO - reconstructed
2025-06-11 00:10:02,843 - src.data_processing.generate_embeddings - INFO - [OK] KUNzEQMWU7
2025-06-11 00:10:02,843 - src.data_processing.generate_embeddings - INFO - Encoding entry: jNR6s6OSBT
2025-06-11 00:10:03,008 - httpx - INFO - HTTP Request: POST https://generativelanguage.googleapis.com/v1beta/models/text-embedding-004:batchEmbedContents "HTTP/1.1 200 OK"
2025-06-11 00:10:03,009 - src.data_processing.encoder - INFO - finished embedding chunks
2025-06-11 00:10:03,009 - src.data_processing.encoder - INFO - reconstructed
2025-06-11 00:10:03,009 - src.data_processing.generate_embeddings - INFO - [OK] jNR6s6OSBT
2025-06-11 00:10:03,009 - src.data_processing.generate_embeddings - INFO - Encoding entry: ekeyCgeRfC
2025-06-11 00:10:03,179 - httpx - INFO - HTTP Request: POST https://generativelanguage.googleapis.com/v1beta/models/text-embedding-004:batchEmbedContents "HTTP/1.1 200 OK"
2025-06-11 00:10:03,182 - src.data_processing.encoder - INFO - finished embedding chunks
2025-06-11 00:10:03,182 - src.data_processing.encoder - INFO - reconstructed
2025-06-11 00:10:03,182 - src.data_processing.generate_embeddings - INFO - [OK] ekeyCgeRfC
2025-06-11 00:10:03,182 - src.data_processing.generate_embeddings - INFO - Encoding entry: Ad87VjRqUw
2025-06-11 00:10:03,373 - httpx - INFO - HTTP Request: POST https://generativelanguage.googleapis.com/v1beta/models/text-embedding-004:batchEmbedContents "HTTP/1.1 200 OK"
2025-06-11 00:10:03,375 - src.data_processing.encoder - INFO - finished embedding chunks
2025-06-11 00:10:03,375 - src.data_processing.encoder - INFO - reconstructed
2025-06-11 00:10:03,375 - src.data_processing.generate_embeddings - INFO - [OK] Ad87VjRqUw
2025-06-11 00:10:03,375 - src.data_processing.generate_embeddings - INFO - Encoding entry: WNzy9bRDvG
2025-06-11 00:10:03,577 - httpx - INFO - HTTP Request: POST https://generativelanguage.googleapis.com/v1beta/models/text-embedding-004:batchEmbedContents "HTTP/1.1 200 OK"
2025-06-11 00:10:03,578 - src.data_processing.encoder - INFO - finished embedding chunks
2025-06-11 00:10:03,578 - src.data_processing.encoder - INFO - reconstructed
2025-06-11 00:10:03,578 - src.data_processing.generate_embeddings - INFO - [OK] WNzy9bRDvG
2025-06-11 00:10:03,578 - src.data_processing.generate_embeddings - INFO - Encoding entry: aN4Jf6Cx69
2025-06-11 00:10:03,776 - httpx - INFO - HTTP Request: POST https://generativelanguage.googleapis.com/v1beta/models/text-embedding-004:batchEmbedContents "HTTP/1.1 200 OK"
2025-06-11 00:10:03,777 - src.data_processing.encoder - INFO - finished embedding chunks
2025-06-11 00:10:03,777 - src.data_processing.encoder - INFO - reconstructed
2025-06-11 00:10:03,777 - src.data_processing.generate_embeddings - INFO - [OK] aN4Jf6Cx69
2025-06-11 00:10:03,777 - src.data_processing.generate_embeddings - INFO - Encoding entry: bNt7oajl2a
2025-06-11 00:10:03,935 - httpx - INFO - HTTP Request: POST https://generativelanguage.googleapis.com/v1beta/models/text-embedding-004:batchEmbedContents "HTTP/1.1 200 OK"
2025-06-11 00:10:03,936 - src.data_processing.encoder - INFO - finished embedding chunks
2025-06-11 00:10:03,936 - src.data_processing.encoder - INFO - reconstructed
2025-06-11 00:10:03,936 - src.data_processing.generate_embeddings - INFO - [OK] bNt7oajl2a
2025-06-11 00:10:03,936 - src.data_processing.generate_embeddings - INFO - Encoding entry: P15CHILQlg
2025-06-11 00:10:04,221 - httpx - INFO - HTTP Request: POST https://generativelanguage.googleapis.com/v1beta/models/text-embedding-004:batchEmbedContents "HTTP/1.1 200 OK"
2025-06-11 00:10:04,222 - src.data_processing.encoder - INFO - finished embedding chunks
2025-06-11 00:10:04,223 - src.data_processing.encoder - INFO - reconstructed
2025-06-11 00:10:04,223 - src.data_processing.generate_embeddings - INFO - [OK] P15CHILQlg
2025-06-11 00:10:04,223 - src.data_processing.generate_embeddings - INFO - Encoding entry: TpD2aG1h0D
2025-06-11 00:10:04,408 - httpx - INFO - HTTP Request: POST https://generativelanguage.googleapis.com/v1beta/models/text-embedding-004:batchEmbedContents "HTTP/1.1 200 OK"
2025-06-11 00:10:04,410 - src.data_processing.encoder - INFO - finished embedding chunks
2025-06-11 00:10:04,410 - src.data_processing.encoder - INFO - reconstructed
2025-06-11 00:10:04,410 - src.data_processing.generate_embeddings - INFO - [OK] TpD2aG1h0D
2025-06-11 00:10:04,410 - src.data_processing.generate_embeddings - INFO - Encoding entry: yV6fD7LYkF
2025-06-11 00:10:04,575 - httpx - INFO - HTTP Request: POST https://generativelanguage.googleapis.com/v1beta/models/text-embedding-004:batchEmbedContents "HTTP/1.1 200 OK"
2025-06-11 00:10:04,576 - src.data_processing.encoder - INFO - finished embedding chunks
2025-06-11 00:10:04,577 - src.data_processing.encoder - INFO - reconstructed
2025-06-11 00:10:04,577 - src.data_processing.generate_embeddings - INFO - [OK] yV6fD7LYkF
2025-06-11 00:10:04,577 - src.data_processing.generate_embeddings - INFO - Encoding entry: w4abltTZ2f
2025-06-11 00:10:04,762 - httpx - INFO - HTTP Request: POST https://generativelanguage.googleapis.com/v1beta/models/text-embedding-004:batchEmbedContents "HTTP/1.1 200 OK"
2025-06-11 00:10:04,763 - src.data_processing.encoder - INFO - finished embedding chunks
2025-06-11 00:10:04,763 - src.data_processing.encoder - INFO - reconstructed
2025-06-11 00:10:04,763 - src.data_processing.generate_embeddings - INFO - [OK] w4abltTZ2f
2025-06-11 00:10:04,763 - src.data_processing.generate_embeddings - INFO - Encoding entry: g7ohDlTITL
2025-06-11 00:10:04,945 - httpx - INFO - HTTP Request: POST https://generativelanguage.googleapis.com/v1beta/models/text-embedding-004:batchEmbedContents "HTTP/1.1 200 OK"
2025-06-11 00:10:04,946 - src.data_processing.encoder - INFO - finished embedding chunks
2025-06-11 00:10:04,947 - src.data_processing.encoder - INFO - reconstructed
2025-06-11 00:10:04,947 - src.data_processing.generate_embeddings - INFO - [OK] g7ohDlTITL
2025-06-11 00:10:04,947 - src.data_processing.generate_embeddings - INFO - Encoding entry: c5pwL0Soay
2025-06-11 00:10:05,132 - httpx - INFO - HTTP Request: POST https://generativelanguage.googleapis.com/v1beta/models/text-embedding-004:batchEmbedContents "HTTP/1.1 200 OK"
2025-06-11 00:10:05,133 - src.data_processing.encoder - INFO - finished embedding chunks
2025-06-11 00:10:05,133 - src.data_processing.encoder - INFO - reconstructed
2025-06-11 00:10:05,133 - src.data_processing.generate_embeddings - INFO - [OK] c5pwL0Soay
2025-06-11 00:10:05,134 - src.data_processing.generate_embeddings - INFO - Encoding entry: nHESwXvxWK
2025-06-11 00:10:05,297 - httpx - INFO - HTTP Request: POST https://generativelanguage.googleapis.com/v1beta/models/text-embedding-004:batchEmbedContents "HTTP/1.1 200 OK"
2025-06-11 00:10:05,297 - src.data_processing.encoder - INFO - finished embedding chunks
2025-06-11 00:10:05,297 - src.data_processing.encoder - INFO - reconstructed
2025-06-11 00:10:05,297 - src.data_processing.generate_embeddings - INFO - [OK] nHESwXvxWK
2025-06-11 00:10:05,297 - src.data_processing.generate_embeddings - INFO - Encoding entry: Zsfiqpft6K
2025-06-11 00:10:05,477 - httpx - INFO - HTTP Request: POST https://generativelanguage.googleapis.com/v1beta/models/text-embedding-004:batchEmbedContents "HTTP/1.1 200 OK"
2025-06-11 00:10:05,479 - src.data_processing.encoder - INFO - finished embedding chunks
2025-06-11 00:10:05,479 - src.data_processing.encoder - INFO - reconstructed
2025-06-11 00:10:05,479 - src.data_processing.generate_embeddings - INFO - [OK] Zsfiqpft6K
2025-06-11 00:10:05,479 - src.data_processing.generate_embeddings - INFO - Encoding entry: hnrB5YHoYu
2025-06-11 00:10:05,638 - httpx - INFO - HTTP Request: POST https://generativelanguage.googleapis.com/v1beta/models/text-embedding-004:batchEmbedContents "HTTP/1.1 200 OK"
2025-06-11 00:10:05,640 - src.data_processing.encoder - INFO - finished embedding chunks
2025-06-11 00:10:05,640 - src.data_processing.encoder - INFO - reconstructed
2025-06-11 00:10:05,640 - src.data_processing.generate_embeddings - INFO - [OK] hnrB5YHoYu
2025-06-11 00:10:05,640 - src.data_processing.generate_embeddings - INFO - Encoding entry: bTMMNT7IdW
2025-06-11 00:10:05,833 - httpx - INFO - HTTP Request: POST https://generativelanguage.googleapis.com/v1beta/models/text-embedding-004:batchEmbedContents "HTTP/1.1 200 OK"
2025-06-11 00:10:05,834 - src.data_processing.encoder - INFO - finished embedding chunks
2025-06-11 00:10:05,834 - src.data_processing.encoder - INFO - reconstructed
2025-06-11 00:10:05,834 - src.data_processing.generate_embeddings - INFO - [OK] bTMMNT7IdW
2025-06-11 00:10:05,834 - src.data_processing.generate_embeddings - INFO - Encoding entry: Yen1lGns2o
2025-06-11 00:10:06,145 - httpx - INFO - HTTP Request: POST https://generativelanguage.googleapis.com/v1beta/models/text-embedding-004:batchEmbedContents "HTTP/1.1 200 OK"
2025-06-11 00:10:06,147 - src.data_processing.encoder - INFO - finished embedding chunks
2025-06-11 00:10:06,148 - src.data_processing.encoder - INFO - reconstructed
2025-06-11 00:10:06,148 - src.data_processing.generate_embeddings - INFO - [OK] Yen1lGns2o
2025-06-11 00:10:06,148 - src.data_processing.generate_embeddings - INFO - Encoding entry: KS8mIvetg2
2025-06-11 00:10:06,428 - httpx - INFO - HTTP Request: POST https://generativelanguage.googleapis.com/v1beta/models/text-embedding-004:batchEmbedContents "HTTP/1.1 200 OK"
2025-06-11 00:10:06,429 - src.data_processing.encoder - INFO - finished embedding chunks
2025-06-11 00:10:06,429 - src.data_processing.encoder - INFO - reconstructed
2025-06-11 00:10:06,430 - src.data_processing.generate_embeddings - INFO - [OK] KS8mIvetg2
2025-06-11 00:10:06,430 - src.data_processing.generate_embeddings - INFO - Encoding entry: HhfcNgQn6p
2025-06-11 00:10:06,611 - httpx - INFO - HTTP Request: POST https://generativelanguage.googleapis.com/v1beta/models/text-embedding-004:batchEmbedContents "HTTP/1.1 200 OK"
2025-06-11 00:10:06,613 - src.data_processing.encoder - INFO - finished embedding chunks
2025-06-11 00:10:06,613 - src.data_processing.encoder - INFO - reconstructed
2025-06-11 00:10:06,613 - src.data_processing.generate_embeddings - INFO - [OK] HhfcNgQn6p
2025-06-11 00:10:06,613 - src.data_processing.generate_embeddings - INFO - Encoding entry: oTRwljRgiv
2025-06-11 00:10:06,771 - httpx - INFO - HTTP Request: POST https://generativelanguage.googleapis.com/v1beta/models/text-embedding-004:batchEmbedContents "HTTP/1.1 200 OK"
2025-06-11 00:10:06,773 - src.data_processing.encoder - INFO - finished embedding chunks
2025-06-11 00:10:06,773 - src.data_processing.encoder - INFO - reconstructed
2025-06-11 00:10:06,773 - src.data_processing.generate_embeddings - INFO - [OK] oTRwljRgiv
2025-06-11 00:10:06,773 - src.data_processing.generate_embeddings - INFO - Encoding entry: mE52zURNGc
2025-06-11 00:10:06,986 - httpx - INFO - HTTP Request: POST https://generativelanguage.googleapis.com/v1beta/models/text-embedding-004:batchEmbedContents "HTTP/1.1 200 OK"
2025-06-11 00:10:06,986 - src.data_processing.encoder - INFO - finished embedding chunks
2025-06-11 00:10:06,986 - src.data_processing.encoder - INFO - reconstructed
2025-06-11 00:10:06,987 - src.data_processing.generate_embeddings - INFO - [OK] mE52zURNGc
2025-06-11 00:10:06,987 - src.data_processing.generate_embeddings - INFO - Encoding entry: 9WD9KwssyT
2025-06-11 00:10:07,163 - httpx - INFO - HTTP Request: POST https://generativelanguage.googleapis.com/v1beta/models/text-embedding-004:batchEmbedContents "HTTP/1.1 200 OK"
2025-06-11 00:10:07,164 - src.data_processing.encoder - INFO - finished embedding chunks
2025-06-11 00:10:07,164 - src.data_processing.encoder - INFO - reconstructed
2025-06-11 00:10:07,164 - src.data_processing.generate_embeddings - INFO - [OK] 9WD9KwssyT
2025-06-11 00:10:07,164 - src.data_processing.generate_embeddings - INFO - Encoding entry: HE9eUQlAvo
2025-06-11 00:10:07,462 - httpx - INFO - HTTP Request: POST https://generativelanguage.googleapis.com/v1beta/models/text-embedding-004:batchEmbedContents "HTTP/1.1 200 OK"
2025-06-11 00:10:07,463 - src.data_processing.encoder - INFO - finished embedding chunks
2025-06-11 00:10:07,464 - src.data_processing.encoder - INFO - reconstructed
2025-06-11 00:10:07,464 - src.data_processing.generate_embeddings - INFO - [OK] HE9eUQlAvo
2025-06-11 00:10:07,464 - src.data_processing.generate_embeddings - INFO - Encoding entry: H3UayAQWoE
2025-06-11 00:10:07,667 - httpx - INFO - HTTP Request: POST https://generativelanguage.googleapis.com/v1beta/models/text-embedding-004:batchEmbedContents "HTTP/1.1 200 OK"
2025-06-11 00:10:07,669 - src.data_processing.encoder - INFO - finished embedding chunks
2025-06-11 00:10:07,669 - src.data_processing.encoder - INFO - reconstructed
2025-06-11 00:10:07,669 - src.data_processing.generate_embeddings - INFO - [OK] H3UayAQWoE
2025-06-11 00:10:07,669 - src.data_processing.generate_embeddings - INFO - Encoding entry: ze7DOLi394
2025-06-11 00:10:07,912 - httpx - INFO - HTTP Request: POST https://generativelanguage.googleapis.com/v1beta/models/text-embedding-004:batchEmbedContents "HTTP/1.1 200 OK"
2025-06-11 00:10:07,913 - src.data_processing.encoder - INFO - finished embedding chunks
2025-06-11 00:10:07,913 - src.data_processing.encoder - INFO - reconstructed
2025-06-11 00:10:07,913 - src.data_processing.generate_embeddings - INFO - [OK] ze7DOLi394
2025-06-11 00:10:07,913 - src.data_processing.generate_embeddings - INFO - Encoding entry: 3f5PALef5B
2025-06-11 00:10:08,135 - httpx - INFO - HTTP Request: POST https://generativelanguage.googleapis.com/v1beta/models/text-embedding-004:batchEmbedContents "HTTP/1.1 200 OK"
2025-06-11 00:10:08,136 - src.data_processing.encoder - INFO - finished embedding chunks
2025-06-11 00:10:08,136 - src.data_processing.encoder - INFO - reconstructed
2025-06-11 00:10:08,137 - src.data_processing.generate_embeddings - INFO - [OK] 3f5PALef5B
2025-06-11 00:10:08,137 - src.data_processing.generate_embeddings - INFO - Encoding entry: 4Ay23yeuz0
2025-06-11 00:10:08,310 - httpx - INFO - HTTP Request: POST https://generativelanguage.googleapis.com/v1beta/models/text-embedding-004:batchEmbedContents "HTTP/1.1 200 OK"
2025-06-11 00:10:08,312 - src.data_processing.encoder - INFO - finished embedding chunks
2025-06-11 00:10:08,312 - src.data_processing.encoder - INFO - reconstructed
2025-06-11 00:10:08,312 - src.data_processing.generate_embeddings - INFO - [OK] 4Ay23yeuz0
2025-06-11 00:10:08,312 - src.data_processing.generate_embeddings - INFO - Encoding entry: C61sk5LsK6
2025-06-11 00:10:08,659 - httpx - INFO - HTTP Request: POST https://generativelanguage.googleapis.com/v1beta/models/text-embedding-004:batchEmbedContents "HTTP/1.1 200 OK"
2025-06-11 00:10:08,660 - src.data_processing.encoder - INFO - finished embedding chunks
2025-06-11 00:10:08,660 - src.data_processing.encoder - INFO - reconstructed
2025-06-11 00:10:08,660 - src.data_processing.generate_embeddings - INFO - [OK] C61sk5LsK6
2025-06-11 00:10:08,660 - src.data_processing.generate_embeddings - INFO - Encoding entry: zMPHKOmQNb
2025-06-11 00:10:09,047 - httpx - INFO - HTTP Request: POST https://generativelanguage.googleapis.com/v1beta/models/text-embedding-004:batchEmbedContents "HTTP/1.1 200 OK"
2025-06-11 00:10:09,049 - src.data_processing.encoder - INFO - finished embedding chunks
2025-06-11 00:10:09,049 - src.data_processing.encoder - INFO - reconstructed
2025-06-11 00:10:09,049 - src.data_processing.generate_embeddings - INFO - [OK] zMPHKOmQNb
2025-06-11 00:10:09,049 - src.data_processing.generate_embeddings - INFO - Encoding entry: FVhmnvqnsI
2025-06-11 00:10:09,383 - httpx - INFO - HTTP Request: POST https://generativelanguage.googleapis.com/v1beta/models/text-embedding-004:batchEmbedContents "HTTP/1.1 200 OK"
2025-06-11 00:10:09,385 - src.data_processing.encoder - INFO - finished embedding chunks
2025-06-11 00:10:09,385 - src.data_processing.encoder - INFO - reconstructed
2025-06-11 00:10:09,385 - src.data_processing.generate_embeddings - INFO - [OK] FVhmnvqnsI
2025-06-11 00:10:09,386 - src.data_processing.generate_embeddings - INFO - Encoding entry: uNrFpDPMyo
2025-06-11 00:10:09,761 - httpx - INFO - HTTP Request: POST https://generativelanguage.googleapis.com/v1beta/models/text-embedding-004:batchEmbedContents "HTTP/1.1 200 OK"
2025-06-11 00:10:09,763 - src.data_processing.encoder - INFO - finished embedding chunks
2025-06-11 00:10:09,763 - src.data_processing.encoder - INFO - reconstructed
2025-06-11 00:10:09,764 - src.data_processing.generate_embeddings - INFO - [OK] uNrFpDPMyo
2025-06-11 00:10:09,764 - src.data_processing.generate_embeddings - INFO - Encoding entry: sFyTZEqmUY
2025-06-11 00:10:09,998 - httpx - INFO - HTTP Request: POST https://generativelanguage.googleapis.com/v1beta/models/text-embedding-004:batchEmbedContents "HTTP/1.1 200 OK"
2025-06-11 00:10:10,000 - src.data_processing.encoder - INFO - finished embedding chunks
2025-06-11 00:10:10,000 - src.data_processing.encoder - INFO - reconstructed
2025-06-11 00:10:10,000 - src.data_processing.generate_embeddings - INFO - [OK] sFyTZEqmUY
2025-06-11 00:10:10,000 - src.data_processing.generate_embeddings - INFO - Encoding entry: hSyW5go0v8
2025-06-11 00:10:10,181 - httpx - INFO - HTTP Request: POST https://generativelanguage.googleapis.com/v1beta/models/text-embedding-004:batchEmbedContents "HTTP/1.1 200 OK"
2025-06-11 00:10:10,182 - src.data_processing.encoder - INFO - finished embedding chunks
2025-06-11 00:10:10,182 - src.data_processing.encoder - INFO - reconstructed
2025-06-11 00:10:10,182 - src.data_processing.generate_embeddings - INFO - [OK] hSyW5go0v8
2025-06-11 00:10:10,182 - src.data_processing.generate_embeddings - INFO - Encoding entry: sllU8vvsFF
2025-06-11 00:10:10,657 - httpx - INFO - HTTP Request: POST https://generativelanguage.googleapis.com/v1beta/models/text-embedding-004:batchEmbedContents "HTTP/1.1 200 OK"
2025-06-11 00:10:10,659 - src.data_processing.encoder - INFO - finished embedding chunks
2025-06-11 00:10:10,659 - src.data_processing.encoder - INFO - reconstructed
2025-06-11 00:10:10,659 - src.data_processing.generate_embeddings - INFO - [OK] sllU8vvsFF
2025-06-11 00:10:10,659 - src.data_processing.generate_embeddings - INFO - Encoding entry: gU58d5QeGv
2025-06-11 00:10:11,045 - httpx - INFO - HTTP Request: POST https://generativelanguage.googleapis.com/v1beta/models/text-embedding-004:batchEmbedContents "HTTP/1.1 200 OK"
2025-06-11 00:10:11,047 - src.data_processing.encoder - INFO - finished embedding chunks
2025-06-11 00:10:11,047 - src.data_processing.encoder - INFO - reconstructed
2025-06-11 00:10:11,047 - src.data_processing.generate_embeddings - INFO - [OK] gU58d5QeGv
2025-06-11 00:10:11,047 - src.data_processing.generate_embeddings - INFO - Encoding entry: osoWxY8q2E
2025-06-11 00:10:11,297 - httpx - INFO - HTTP Request: POST https://generativelanguage.googleapis.com/v1beta/models/text-embedding-004:batchEmbedContents "HTTP/1.1 200 OK"
2025-06-11 00:10:11,298 - src.data_processing.encoder - INFO - finished embedding chunks
2025-06-11 00:10:11,299 - src.data_processing.encoder - INFO - reconstructed
2025-06-11 00:10:11,299 - src.data_processing.generate_embeddings - INFO - [OK] osoWxY8q2E
2025-06-11 00:10:11,299 - src.data_processing.generate_embeddings - INFO - Encoding entry: EanCFCwAjM
2025-06-11 00:10:11,565 - httpx - INFO - HTTP Request: POST https://generativelanguage.googleapis.com/v1beta/models/text-embedding-004:batchEmbedContents "HTTP/1.1 200 OK"
2025-06-11 00:10:11,566 - src.data_processing.encoder - INFO - finished embedding chunks
2025-06-11 00:10:11,567 - src.data_processing.encoder - INFO - reconstructed
2025-06-11 00:10:11,567 - src.data_processing.generate_embeddings - INFO - [OK] EanCFCwAjM
2025-06-11 00:10:11,567 - src.data_processing.generate_embeddings - INFO - Encoding entry: cc8h3I3V4E
2025-06-11 00:10:11,936 - httpx - INFO - HTTP Request: POST https://generativelanguage.googleapis.com/v1beta/models/text-embedding-004:batchEmbedContents "HTTP/1.1 200 OK"
2025-06-11 00:10:11,938 - src.data_processing.encoder - INFO - finished embedding chunks
2025-06-11 00:10:11,939 - src.data_processing.encoder - INFO - reconstructed
2025-06-11 00:10:11,939 - src.data_processing.generate_embeddings - INFO - [OK] cc8h3I3V4E
2025-06-11 00:10:11,939 - src.data_processing.generate_embeddings - INFO - Encoding entry: oO6FsMyDBt
2025-06-11 00:10:12,159 - httpx - INFO - HTTP Request: POST https://generativelanguage.googleapis.com/v1beta/models/text-embedding-004:batchEmbedContents "HTTP/1.1 200 OK"
2025-06-11 00:10:12,160 - src.data_processing.encoder - INFO - finished embedding chunks
2025-06-11 00:10:12,160 - src.data_processing.encoder - INFO - reconstructed
2025-06-11 00:10:12,161 - src.data_processing.generate_embeddings - INFO - [OK] oO6FsMyDBt
2025-06-11 00:10:12,161 - src.data_processing.generate_embeddings - INFO - Encoding entry: o2IEmeLL9r
2025-06-11 00:10:12,344 - httpx - INFO - HTTP Request: POST https://generativelanguage.googleapis.com/v1beta/models/text-embedding-004:batchEmbedContents "HTTP/1.1 200 OK"
2025-06-11 00:10:12,345 - src.data_processing.encoder - INFO - finished embedding chunks
2025-06-11 00:10:12,345 - src.data_processing.encoder - INFO - reconstructed
2025-06-11 00:10:12,345 - src.data_processing.generate_embeddings - INFO - [OK] o2IEmeLL9r
2025-06-11 00:10:12,345 - src.data_processing.generate_embeddings - INFO - Encoding entry: tUtGjQEDd4
2025-06-11 00:10:12,587 - httpx - INFO - HTTP Request: POST https://generativelanguage.googleapis.com/v1beta/models/text-embedding-004:batchEmbedContents "HTTP/1.1 200 OK"
2025-06-11 00:10:12,588 - src.data_processing.encoder - INFO - finished embedding chunks
2025-06-11 00:10:12,589 - src.data_processing.encoder - INFO - reconstructed
2025-06-11 00:10:12,589 - src.data_processing.generate_embeddings - INFO - [OK] tUtGjQEDd4
2025-06-11 00:10:12,589 - src.data_processing.generate_embeddings - INFO - Encoding entry: jr03SfWsBS
2025-06-11 00:10:12,749 - httpx - INFO - HTTP Request: POST https://generativelanguage.googleapis.com/v1beta/models/text-embedding-004:batchEmbedContents "HTTP/1.1 200 OK"
2025-06-11 00:10:12,753 - src.data_processing.encoder - INFO - finished embedding chunks
2025-06-11 00:10:12,753 - src.data_processing.encoder - INFO - reconstructed
2025-06-11 00:10:12,753 - src.data_processing.generate_embeddings - INFO - [OK] jr03SfWsBS
2025-06-11 00:10:12,753 - src.data_processing.generate_embeddings - INFO - Encoding entry: tqh1zdXIra
2025-06-11 00:10:12,908 - httpx - INFO - HTTP Request: POST https://generativelanguage.googleapis.com/v1beta/models/text-embedding-004:batchEmbedContents "HTTP/1.1 200 OK"
2025-06-11 00:10:12,910 - src.data_processing.encoder - INFO - finished embedding chunks
2025-06-11 00:10:12,911 - src.data_processing.encoder - INFO - reconstructed
2025-06-11 00:10:12,911 - src.data_processing.generate_embeddings - INFO - [OK] tqh1zdXIra
2025-06-11 00:10:12,911 - src.data_processing.generate_embeddings - INFO - Encoding entry: aIok3ZD9to
2025-06-11 00:10:13,143 - httpx - INFO - HTTP Request: POST https://generativelanguage.googleapis.com/v1beta/models/text-embedding-004:batchEmbedContents "HTTP/1.1 200 OK"
2025-06-11 00:10:13,144 - src.data_processing.encoder - INFO - finished embedding chunks
2025-06-11 00:10:13,144 - src.data_processing.encoder - INFO - reconstructed
2025-06-11 00:10:13,144 - src.data_processing.generate_embeddings - INFO - [OK] aIok3ZD9to
2025-06-11 00:10:13,144 - src.data_processing.generate_embeddings - INFO - Encoding entry: PdaPky8MUn
2025-06-11 00:10:13,597 - httpx - INFO - HTTP Request: POST https://generativelanguage.googleapis.com/v1beta/models/text-embedding-004:batchEmbedContents "HTTP/1.1 200 OK"
2025-06-11 00:10:13,598 - src.data_processing.encoder - INFO - finished embedding chunks
2025-06-11 00:10:13,598 - src.data_processing.encoder - INFO - reconstructed
2025-06-11 00:10:13,598 - src.data_processing.generate_embeddings - INFO - [OK] PdaPky8MUn
2025-06-11 00:10:13,598 - src.data_processing.generate_embeddings - INFO - Encoding entry: pzElnMrgSD
2025-06-11 00:10:14,061 - httpx - INFO - HTTP Request: POST https://generativelanguage.googleapis.com/v1beta/models/text-embedding-004:batchEmbedContents "HTTP/1.1 200 OK"
2025-06-11 00:10:14,063 - src.data_processing.encoder - INFO - finished embedding chunks
2025-06-11 00:10:14,063 - src.data_processing.encoder - INFO - reconstructed
2025-06-11 00:10:14,063 - src.data_processing.generate_embeddings - INFO - [OK] pzElnMrgSD
2025-06-11 00:10:14,063 - src.data_processing.generate_embeddings - INFO - Encoding entry: v7ZPwoHU1j
2025-06-11 00:10:14,537 - httpx - INFO - HTTP Request: POST https://generativelanguage.googleapis.com/v1beta/models/text-embedding-004:batchEmbedContents "HTTP/1.1 200 OK"
2025-06-11 00:10:14,537 - src.data_processing.encoder - INFO - finished embedding chunks
2025-06-11 00:10:14,538 - src.data_processing.encoder - INFO - reconstructed
2025-06-11 00:10:14,538 - src.data_processing.generate_embeddings - INFO - [OK] v7ZPwoHU1j
2025-06-11 00:10:14,538 - src.data_processing.generate_embeddings - INFO - Encoding entry: WbWtOYIzIK
2025-06-11 00:10:14,995 - httpx - INFO - HTTP Request: POST https://generativelanguage.googleapis.com/v1beta/models/text-embedding-004:batchEmbedContents "HTTP/1.1 200 OK"
2025-06-11 00:10:14,996 - src.data_processing.encoder - INFO - finished embedding chunks
2025-06-11 00:10:14,996 - src.data_processing.encoder - INFO - reconstructed
2025-06-11 00:10:14,996 - src.data_processing.generate_embeddings - INFO - [OK] WbWtOYIzIK
2025-06-11 00:10:14,996 - src.data_processing.generate_embeddings - INFO - Encoding entry: 84n3UwkH7b
2025-06-11 00:10:15,453 - httpx - INFO - HTTP Request: POST https://generativelanguage.googleapis.com/v1beta/models/text-embedding-004:batchEmbedContents "HTTP/1.1 200 OK"
2025-06-11 00:10:15,454 - src.data_processing.encoder - INFO - finished embedding chunks
2025-06-11 00:10:15,454 - src.data_processing.encoder - INFO - reconstructed
2025-06-11 00:10:15,455 - src.data_processing.generate_embeddings - INFO - [OK] 84n3UwkH7b
2025-06-11 00:10:15,455 - src.data_processing.generate_embeddings - INFO - Encoding entry: IYxDy2jDFL
2025-06-11 00:10:15,825 - httpx - INFO - HTTP Request: POST https://generativelanguage.googleapis.com/v1beta/models/text-embedding-004:batchEmbedContents "HTTP/1.1 200 OK"
2025-06-11 00:10:15,827 - src.data_processing.encoder - INFO - finished embedding chunks
2025-06-11 00:10:15,827 - src.data_processing.encoder - INFO - reconstructed
2025-06-11 00:10:15,827 - src.data_processing.generate_embeddings - INFO - [OK] IYxDy2jDFL
2025-06-11 00:10:15,827 - src.data_processing.generate_embeddings - INFO - Encoding entry: 7Ttk3RzDeu
2025-06-11 00:10:16,189 - httpx - INFO - HTTP Request: POST https://generativelanguage.googleapis.com/v1beta/models/text-embedding-004:batchEmbedContents "HTTP/1.1 200 OK"
2025-06-11 00:10:16,191 - src.data_processing.encoder - INFO - finished embedding chunks
2025-06-11 00:10:16,191 - src.data_processing.encoder - INFO - reconstructed
2025-06-11 00:10:16,191 - src.data_processing.generate_embeddings - INFO - [OK] 7Ttk3RzDeu
2025-06-11 00:10:16,238 - root - INFO - [OK] exported to raw_emb.json
2025-06-11 00:10:16,287 - root - INFO - [OK] exported to emb.json
